文件写入IO异常！
文件已关闭！
获取连接前，mysql当前连接池剩余链接数为0，需要新建连接。获取连接前，mysql当前连接池剩余链接数为0，需要新建连接。获取连接前，mysql当前连接池剩余链接数为0，需要新建连接。连接已新建，当前连接数：1连接已新建，获取连接后连接数：0获取连接前，mysql当前连接池剩余链接数为0，需要新建连接。连接已新建，当前连接数：1连接已新建，获取连接后连接数：0获取连接前，mysql当前连接池剩余链接数为0，需要新建连接。
连接已新建，当前连接数：1
连接已新建，获取连接后连接数：0
获取连接前，mysql当前连接池剩余链接数为0，需要新建连接。
连接已新建，当前连接数：1
连接已新建，获取连接后连接数：0
查询已完成，将数据库连接放入连接池，放入后连接数：1
获取连接前，mysql当前连接池剩余链接数为0，需要新建连接。
连接已新建，当前连接数：1
连接已新建，获取连接后连接数：0
查询已完成，将数据库连接放入连接池，放入后连接数：1
从sql文件获取的最终sql为：create table if not exists employee01(
     id int unsigned auto_increment
    ,first_name  varchar(40)   comment '名'   not null
    ,last_name   varchar(40)   comment '姓'   not null
    ,age         int           comment '年龄' not null
    ,sex         varchar(2)    comment '性别' not null
    ,income      decimal(22,2) comment '收入' not null
    ,primary key (id)
) comment '雇员表'
engine=InnoDB charset=utf8
获取连接前，mysql当前连接池剩余链接数：1
获取连接后，mysql当前连接池剩余链接数：0
查询已完成，将数据库连接放入连接池，放入后连接数：1
获取连接前，mysql当前连接池剩余链接数为0，需要新建连接。
获取连接失败, name 'conn' is not defined
连接已新建，当前连接数：0
获取连接前，mysql当前连接池剩余链接数为0，需要新建连接。
获取连接失败, name 'conn' is not defined
连接已新建，当前连接数：0
获取连接前，mysql当前连接池剩余链接数为0，需要新建连接。
获取连接失败, name 'conn' is not defined
连接已新建，当前连接数：0
从sql文件获取的最终sql为：
 create table if not exists employee01(
     id int unsigned auto_increment
    ,first_name  varchar(40)   comment '名'   not null
    ,last_name   varchar(40)   comment '姓'   not null
    ,age         int           comment '年龄' not null
    ,sex         varchar(2)    comment '性别' not null
    ,income      decimal(22,2) comment '收入' not null
    ,primary key (id)
) comment '雇员表'
engine=InnoDB charset=utf8
获取连接前，mysql当前连接池剩余链接数为0，需要新建连接。
获取连接失败, name 'conn' is not defined
连接已新建，当前连接数：0
获取连接前，mysql当前连接池剩余链接数为0，需要新建连接。
获取连接失败, name 'conn' is not defined
连接已新建，当前连接数：0
获取连接前，mysql当前连接池剩余链接数为0，需要新建连接。
连接已新建，当前连接数：1
连接已新建，获取连接后连接数：0
查询已完成，将数据库连接放入连接池，放入后连接数：1
获取连接前，mysql当前连接池剩余链接数为0，需要新建连接。
连接已新建，当前连接数：1
连接已新建，获取连接后连接数：0
查询已完成，将数据库连接放入连接池，放入后连接数：1
获取连接前，mysql当前连接池剩余链接数为0，需要新建连接。
连接已新建，当前连接数：1
连接已新建，获取连接后连接数：0
查询已完成，将数据库连接放入连接池，放入后连接数：1
获取连接前，mysql当前连接池剩余链接数为0，需要新建连接。
连接已新建，当前连接数：1
连接已新建，获取连接后连接数：0
查询已完成，将数据库连接放入连接池，放入后连接数：1
获取连接前，mysql当前连接池剩余链接数为0，需要新建连接。
连接已新建，当前连接数：1
连接已新建，获取连接后连接数：0
查询已完成，将数据库连接放入连接池，放入后连接数：1
获取连接前，mysql当前连接池剩余链接数为0，需要新建连接。
连接已新建，当前连接数：1
连接已新建，获取连接后连接数：0
查询已完成，将数据库连接放入连接池，放入后连接数：1
获取连接前，mysql当前连接池剩余链接数为0，需要新建连接。
连接已新建，当前连接数：1
连接已新建，获取连接后连接数：0
查询已完成，将数据库连接放入连接池，放入后连接数：1
获取连接前，mysql当前连接池剩余链接数为0，需要新建连接。
连接已新建，当前连接数：1
连接已新建，获取连接后连接数：0
查询已完成，将数据库连接放入连接池，放入后连接数：1
获取连接前，mysql当前连接池剩余链接数为0，需要新建连接。
连接已新建，当前连接数：1
连接已新建，获取连接后连接数：0
查询已完成，将数据库连接放入连接池，放入后连接数：1
关闭数据库连接成功！

